This is pdfTeX, Version 3.14159265-2.6-1.40.15 (TeX Live 2015/dev/Debian) (preloaded format=latex 2015.10.7)  10 MAY 2016 17:13
entering extended mode
 restricted \write18 enabled.
 %&-line parsing enabled.
**./images.tex
(./images.tex
LaTeX2e <2014/05/01>
Babel <3.9l> and hyphenation patterns for 79 languages loaded.

(/usr/share/texlive/texmf-dist/tex/latex/base/article.cls
Document Class: article 2014/09/29 v1.4h Standard LaTeX document class
(/usr/share/texlive/texmf-dist/tex/latex/base/size10.clo
File: size10.clo 2014/09/29 v1.4h Standard LaTeX file (size option)
)
\c@part=\count79
\c@section=\count80
\c@subsection=\count81
\c@subsubsection=\count82
\c@paragraph=\count83
\c@subparagraph=\count84
\c@figure=\count85
\c@table=\count86
\abovecaptionskip=\skip41
\belowcaptionskip=\skip42
\bibindent=\dimen102
) (/usr/share/texlive/texmf-dist/tex/latex/base/ifthen.sty
Package: ifthen 2014/09/29 v1.1c Standard LaTeX ifthen package (DPC)
) (/usr/share/texlive/texmf-dist/tex/latex/amsmath/amsmath.sty
Package: amsmath 2013/01/14 v2.14 AMS math features
\@mathmargin=\skip43
For additional information on amsmath, use the `?' option.
(/usr/share/texlive/texmf-dist/tex/latex/amsmath/amstext.sty
Package: amstext 2000/06/29 v2.01
(/usr/share/texlive/texmf-dist/tex/latex/amsmath/amsgen.sty
File: amsgen.sty 1999/11/30 v2.0
\@emptytoks=\toks14
\ex@=\dimen103
)) (/usr/share/texlive/texmf-dist/tex/latex/amsmath/amsbsy.sty
Package: amsbsy 1999/11/29 v1.2d
\pmbraise@=\dimen104
) (/usr/share/texlive/texmf-dist/tex/latex/amsmath/amsopn.sty
Package: amsopn 1999/12/14 v2.01 operator names
)
\inf@bad=\count87
LaTeX Info: Redefining \frac on input line 210.
\uproot@=\count88
\leftroot@=\count89
LaTeX Info: Redefining \overline on input line 306.
\classnum@=\count90
\DOTSCASE@=\count91
LaTeX Info: Redefining \ldots on input line 378.
LaTeX Info: Redefining \dots on input line 381.
LaTeX Info: Redefining \cdots on input line 466.
\Mathstrutbox@=\box26
\strutbox@=\box27
\big@size=\dimen105
LaTeX Font Info:    Redeclaring font encoding OML on input line 566.
LaTeX Font Info:    Redeclaring font encoding OMS on input line 567.
\macc@depth=\count92
\c@MaxMatrixCols=\count93
\dotsspace@=\muskip10
\c@parentequation=\count94
\dspbrk@lvl=\count95
\tag@help=\toks15
\row@=\count96
\column@=\count97
\maxfields@=\count98
\andhelp@=\toks16
\eqnshift@=\dimen106
\alignsep@=\dimen107
\tagshift@=\dimen108
\tagwidth@=\dimen109
\totwidth@=\dimen110
\lineht@=\dimen111
\@envbody=\toks17
\multlinegap=\skip44
\multlinetaggap=\skip45
\mathdisplay@stack=\toks18
LaTeX Info: Redefining \[ on input line 2665.
LaTeX Info: Redefining \] on input line 2666.
) (/usr/share/texlive/texmf-dist/tex/latex/amsfonts/amssymb.sty
Package: amssymb 2013/01/14 v3.01 AMS font symbols
(/usr/share/texlive/texmf-dist/tex/latex/amsfonts/amsfonts.sty
Package: amsfonts 2013/01/14 v3.01 Basic AMSFonts support
\symAMSa=\mathgroup4
\symAMSb=\mathgroup5
LaTeX Font Info:    Overwriting math alphabet `\mathfrak' in version `bold'
(Font)                  U/euf/m/n --> U/euf/b/n on input line 106.
)) (/usr/share/texlive/texmf-dist/tex/latex/graphics/color.sty
Package: color 2014/04/23 v1.1a Standard LaTeX Color (DPC)
(/usr/share/texlive/texmf-dist/tex/latex/latexconfig/color.cfg
File: color.cfg 2007/01/18 v1.5 color configuration of teTeX/TeXLive
)
Package color Info: Driver file: dvips.def on input line 137.
(/usr/share/texlive/texmf-dist/tex/latex/graphics/dvips.def
File: dvips.def 2014/04/23 v3.0j Driver-dependant file (DPC,SPQR)
) (/usr/share/texlive/texmf-dist/tex/latex/graphics/dvipsnam.def
File: dvipsnam.def 2014/04/23 v3.0j Driver-dependant file (DPC,SPQR)
)) (/usr/share/texlive/texmf-dist/tex/latex/base/inputenc.sty
Package: inputenc 2014/04/30 v1.2b Input encoding file
\inpenc@prehook=\toks19
\inpenc@posthook=\toks20
)
\sizebox=\box28
\lthtmlwrite=\write3
(./images.aux)
\openout1 = `images.aux'.

LaTeX Font Info:    Checking defaults for OML/cmm/m/it on input line 129.
LaTeX Font Info:    ... okay on input line 129.
LaTeX Font Info:    Checking defaults for T1/cmr/m/n on input line 129.
LaTeX Font Info:    ... okay on input line 129.
LaTeX Font Info:    Checking defaults for OT1/cmr/m/n on input line 129.
LaTeX Font Info:    ... okay on input line 129.
LaTeX Font Info:    Checking defaults for OMS/cmsy/m/n on input line 129.
LaTeX Font Info:    ... okay on input line 129.
LaTeX Font Info:    Checking defaults for OMX/cmex/m/n on input line 129.
LaTeX Font Info:    ... okay on input line 129.
LaTeX Font Info:    Checking defaults for U/cmr/m/n on input line 129.
LaTeX Font Info:    ... okay on input line 129.

latex2htmlLength hsize=349.0pt

latex2htmlLength vsize=633.0pt

latex2htmlLength hoffset=0.0pt

latex2htmlLength voffset=0.0pt

latex2htmlLength topmargin=0.0pt

latex2htmlLength topskip=0.00003pt

latex2htmlLength headheight=0.0pt

latex2htmlLength headsep=0.0pt

latex2htmlLength parskip=0.0pt plus 1.0pt

latex2htmlLength oddsidemargin=62.0pt

latex2htmlLength evensidemargin=62.0pt

LaTeX Font Info:    Try loading font information for U+msa on input line 154.
(/usr/share/texlive/texmf-dist/tex/latex/amsfonts/umsa.fd
File: umsa.fd 2013/01/14 v3.01 AMS symbols A
)
LaTeX Font Info:    Try loading font information for U+msb on input line 154.
(/usr/share/texlive/texmf-dist/tex/latex/amsfonts/umsb.fd
File: umsb.fd 2013/01/14 v3.01 AMS symbols B
)
l2hSize :tex2html_wrap_inline368:6.59525pt::0.0pt::3.94516pt.
[1



]
l2hSize :tex2html_wrap_inline370:7.44444pt::7.44444pt::9.5909pt.
[2


]
l2hSize :tex2html_wrap_inline375:8.0pt::8.0pt::43.45827pt.
[3


]
l2hSize :tex2html_wrap_inline377:6.94444pt::0.0pt::5.47226pt.
[4


]
l2hSize :tex2html_wrap_inline381:6.95831pt::6.95831pt::8.86057pt.
[5


]
l2hSize :tex2html_wrap_inline383:6.88889pt::0.0pt::7.72226pt.
[6


]
l2hSize :tex2html_wrap_inline385:8.0pt::8.0pt::20.50005pt.
[7


]
l2hSize :tex2html_wrap_inline387:7.44444pt::7.44444pt::23.59485pt.
[8


]
l2hSize :tex2html_wrap_indisplay391:24.59993pt::24.59993pt::162.00003pt.
[9


]
l2hSize :tex2html_wrap_inline393:7.44444pt::7.44444pt::49.74405pt.
[10


]
l2hSize :tex2html_wrap_inline395:7.44444pt::7.44444pt::40.85524pt.
[11


]
l2hSize :tex2html_wrap_inline399:6.95831pt::6.95831pt::9.74484pt.
[12


]
l2hSize :tex2html_wrap_inline401:6.95831pt::6.95831pt::26.02602pt.
[13


]
l2hSize :tex2html_wrap_inline403:7.44444pt::7.44444pt::26.93921pt.
[14


]
l2hSize :tex2html_wrap_inline405:6.83331pt::0.0pt::7.73268pt.
[15


]
l2hSize :tex2html_wrap_inline407:6.94444pt::0.0pt::5.32294pt.
[16


]
l2hSize :tex2html_wrap_inline409:6.94444pt::0.0pt::6.26161pt.
[17


]
l2hSize :tex2html_wrap_inline413:8.0pt::8.0pt::33.2101pt.
[18


]
l2hSize :tex2html_wrap_inline415:6.45831pt::0.0pt::5.2894pt.
[19


]
l2hSize :tex2html_wrap_inline417:7.09525pt::7.09525pt::5.19052pt.
[20


]
l2hSize :tex2html_wrap_inline431:7.33331pt::7.33331pt::24.95483pt.
[21


]
l2hSize :tex2html_wrap_inline437:6.45831pt::0.0pt::5.50005pt.
[22


]
l2hSize :tex2html_wrap_inline443:7.4512pt::7.4512pt::27.26088pt.
[23


]
l2hSize :tex2html_wrap_inline455:7.4512pt::7.4512pt::45.38347pt.
[24


]
l2hSize :tex2html_wrap_inline457:8.94843pt::8.94843pt::25.04228pt.
[25


]
l2hSize :tex2html_wrap_inline459:8.94843pt::8.94843pt::25.04228pt.
[26


]
l2hSize :tex2html_wrap_inline466:6.45831pt::0.0pt::4.82759pt.
[27


]
l2hSize :tex2html_wrap_inline470:6.45831pt::0.0pt::4.11115pt.
[28


]
l2hSize :tex2html_wrap_inline474:6.95831pt::6.95831pt::21.83676pt.
[29


]
l2hSize :tex2html_wrap_inline483:8.0pt::8.0pt::23.65051pt.
[30


]
l2hSize :tex2html_wrap_inline485:6.95831pt::6.95831pt::6.23288pt.
[31


]
l2hSize :tex2html_wrap_inline489:7.44444pt::7.44444pt::10.81952pt.
[32


]
l2hSize :tex2html_wrap_inline495:7.44444pt::7.44444pt::10.81952pt.
[33


]
l2hSize :tex2html_wrap_inline497:6.45831pt::0.0pt::5.50005pt.
[34


]
l2hSize :tex2html_wrap_inline499:7.09525pt::7.09525pt::31.72282pt.
[35


]
l2hSize :tex2html_wrap_inline501:7.96227pt::0.0pt::14.36118pt.
[36


]
l2hSize :tex2html_wrap_indisplay513:24.59993pt::24.59993pt::143.14688pt.
[37


]
l2hSize :tex2html_wrap_inline523:6.95831pt::6.95831pt::6.52551pt.
[38


]
l2hSize :tex2html_wrap_inline525:6.95831pt::6.95831pt::11.01164pt.
[39


]
l2hSize :tex2html_wrap_inline527:6.95831pt::6.95831pt::11.01164pt.
[40


]
l2hSize :tex2html_wrap_inline529:6.83331pt::0.0pt::9.625pt.
[41


]
l2hSize :tex2html_wrap_inline531:6.95831pt::6.95831pt::4.4167pt.
[42


]
l2hSize :tex2html_wrap_inline533:6.45831pt::0.0pt::5.2894pt.
[43


] (./images.aux) ) 
Here is how much of TeX's memory you used:
 1512 strings out of 493106
 18067 string characters out of 6137098
 68066 words of memory out of 5000000
 5009 multiletter control sequences out of 15000+600000
 5339 words of font info for 22 fonts, out of 8000000 for 9000
 1141 hyphenation exceptions out of 8191
 27i,10n,26p,224b,151s stack positions out of 5000i,500n,10000p,200000b,80000s

Output written on images.dvi (43 pages, 10552 bytes).
